C:\Program Files (x86)\MSBuild\Microsoft.Cpp\v4.0\Microsoft.CppBuild.targets(298,5): warning MSB8004: Intermediate Directory does not end with a trailing slash.  This build instance will add the slash as it is required to allow proper evaluation of the Intermediate Directory.
  stdafx.cpp
  WinKeyboardManager.cpp
  Vertex.cpp
  Vector.cpp
  Utils.cpp
z:\code\github\phengine\phengine\utils.cpp(6): warning C4244: 'return' : conversion from 'int' to 'float', possible loss of data
  Texture.cpp
  Shapes.cpp
  Renderer.cpp
  phEngine.cpp
z:\code\github\phengine\phengine\phengine.cpp(33): warning C4101: 'msg' : unreferenced local variable
  Mesh.cpp
z:\code\github\phengine\phengine\mesh.cpp(35): warning C4150: deletion of pointer to incomplete type 'MeshBuffers'; no destructor called
          z:\code\github\phengine\phengine\mesh.h(14) : see declaration of 'MeshBuffers'
z:\code\github\phengine\phengine\mesh.cpp(134): warning C4101: 'str' : unreferenced local variable
  json.cpp
z:\code\github\phengine\phengine\json.cpp(18): warning C4244: 'return' : conversion from 'double' to 'float', possible loss of data
z:\code\github\phengine\phengine\json.cpp(29): warning C4244: '=' : conversion from 'std::streamoff' to 'int', possible loss of data
  Instruction.cpp
  InputManager.cpp
  GameMaster.cpp
  DXShaders.cpp
  Controller.cpp
  Collision.cpp
  Camera.cpp
  AnimationComponent.cpp
z:\code\github\phengine\phengine\animationcomponent.cpp(200): warning C4101: 'str' : unreferenced local variable
  ActorScript.cpp
  ActorManager.cpp
z:\code\github\phengine\phengine\actormanager.cpp(52): warning C4482: nonstandard extension used: enum 'ActorKeysEnum' used in qualified name
z:\code\github\phengine\phengine\actormanager.cpp(56): warning C4482: nonstandard extension used: enum 'ActorKeysEnum' used in qualified name
z:\code\github\phengine\phengine\actormanager.cpp(64): warning C4482: nonstandard extension used: enum 'ActorKeysEnum' used in qualified name
  Generating Code...
  Compiling...
  Actor.cpp
  Generating Code...
  jsmn.lib(jsmn.obj) : MSIL .netmodule or module compiled with /GL found; restarting link with /LTCG; add /LTCG to the link command line to improve linker performance
LINK : warning LNK4075: ignoring '/INCREMENTAL' due to '/LTCG' specification
LINK : warning LNK4098: defaultlib 'MSVCRT' conflicts with use of other libs; use /NODEFAULTLIB:library
  Generating code
  Finished generating code
  jsmn.lib(jsmn.obj) : MSIL .netmodule or module compiled with /GL found; restarting link with /LTCG; add /LTCG to the link command line to improve linker performance
LINK : warning LNK4075: ignoring '/INCREMENTAL' due to '/LTCG' specification
LINK : warning LNK4098: defaultlib 'MSVCRT' conflicts with use of other libs; use /NODEFAULTLIB:library
  Generating code
  Finished generating code
  phEngine.vcxproj -> Z:\Code\GitHub\phEngine\Debug\phEngine.exe
